#
# A fatal error has been detected by the Java Runtime Environment:
#
#  Internal Error (classFileParser.cpp:3470), pid=8208, tid=9204
#  Error: ShouldNotReachHere()
#
# JRE version: 7.0_01-b08
# Java VM: Java HotSpot(TM) 64-Bit Server VM (21.1-b02 mixed mode windows-amd64 compressed oops)
# Failed to write core dump. Minidumps are not enabled by default on client versions of Windows
#
# If you would like to submit a bug report, please visit:
#   http://bugreport.sun.com/bugreport/crash.jsp
#

---------------  T H R E A D  ---------------

Current thread (0x00000000022db800):  JavaThread "Unknown thread" [_thread_in_vm, id=9204, stack(0x00000000024b0000,0x00000000025b0000)]

Stack: [0x00000000024b0000,0x00000000025b0000]

---------------  P R O C E S S  ---------------

Java Threads: ( => current thread )

Other Threads:

=>0x00000000022db800 (exited) JavaThread "Unknown thread" [_thread_in_vm, id=9204, stack(0x00000000024b0000,0x00000000025b0000)]

VM state:not at safepoint (not fully initialized)

VM Mutex/Monitor currently owned by a thread: None

Dynamic libraries:
0x000000013f670000 - 0x000000013f6a3000 	C:\Program Files\Java\jre7\bin\javaw.exe
0x00000000774a0000 - 0x0000000077649000 	C:\Windows\SYSTEM32\ntdll.dll
0x0000000077380000 - 0x000000007749f000 	C:\Windows\system32\kernel32.dll
0x000007fefd520000 - 0x000007fefd58b000 	C:\Windows\system32\KERNELBASE.dll
0x000007fefe840000 - 0x000007fefe91b000 	C:\Windows\system32\ADVAPI32.dll
0x000007fefd680000 - 0x000007fefd71f000 	C:\Windows\system32\msvcrt.dll
0x000007fefe820000 - 0x000007fefe83f000 	C:\Windows\SYSTEM32\sechost.dll
0x000007fefeb50000 - 0x000007fefec7d000 	C:\Windows\system32\RPCRT4.dll
0x0000000077280000 - 0x000000007737a000 	C:\Windows\system32\USER32.dll
0x000007fefe5b0000 - 0x000007fefe617000 	C:\Windows\system32\GDI32.dll
0x000007fefe810000 - 0x000007fefe81e000 	C:\Windows\system32\LPK.dll
0x000007feff410000 - 0x000007feff4d9000 	C:\Windows\system32\USP10.dll
0x000007fefbd10000 - 0x000007fefbf04000 	C:\Windows\WinSxS\amd64_microsoft.windows.common-controls_6595b64144ccf1df_6.0.7601.17514_none_fa396087175ac9ac\COMCTL32.dll
0x000007fefd720000 - 0x000007fefd791000 	C:\Windows\system32\SHLWAPI.dll
0x000007fefeb20000 - 0x000007fefeb4e000 	C:\Windows\system32\IMM32.DLL
0x000007fefea10000 - 0x000007fefeb19000 	C:\Windows\system32\MSCTF.dll
0x000007fef5b40000 - 0x000007fef5c92000 	C:\PROGRA~2\SearchProtect\SearchProtect\bin\SPVC64Loader.dll
0x000007fefc360000 - 0x000007fefc36c000 	C:\Windows\system32\VERSION.dll
0x000000006f7e0000 - 0x000000006f8b1000 	C:\Program Files\Java\jre7\bin\msvcr100.dll
0x000000005ce40000 - 0x000000005d50d000 	C:\Program Files\Java\jre7\bin\server\jvm.dll
0x000007fef90e0000 - 0x000007fef90e9000 	C:\Windows\system32\WSOCK32.dll
0x000007fefe920000 - 0x000007fefe96d000 	C:\Windows\system32\WS2_32.dll
0x000007fefe6c0000 - 0x000007fefe6c8000 	C:\Windows\system32\NSI.dll
0x000007fefacf0000 - 0x000007fefad2b000 	C:\Windows\system32\WINMM.dll
0x0000000077670000 - 0x0000000077677000 	C:\Windows\system32\PSAPI.DLL
0x00000000727a0000 - 0x00000000727af000 	C:\Program Files\Java\jre7\bin\verify.dll
0x00000000711b0000 - 0x00000000711d8000 	C:\Program Files\Java\jre7\bin\java.dll
0x0000000070770000 - 0x0000000070785000 	C:\Program Files\Java\jre7\bin\zip.dll

VM Arguments:
jvm_args: -Dfile.encoding=Cp1252 -Xbootclasspath:C:\adt-bundle-windows-x86_64-20131030\sdk\platforms\android-19\android.jar 
java_command: uriah.mapping.Main
Launcher Type: SUN_STANDARD

Environment Variables:
JAVA_HOME=C:\java\jdk1.7.0_45
PATH=C:\Program Files\Common Files\Microsoft Shared\Windows Live;C:\Program Files (x86)\Common Files\Microsoft Shared\Windows Live;C:\Program Files (x86)\Intel\iCLS Client\;C:\Program Files\Intel\iCLS Client\;C:\Windows\system32;C:\Windows;C:\Windows\System32\Wbem;C:\Windows\System32\WindowsPowerShell\v1.0\;C:\Program Files (x86)\Intel\OpenCL SDK\2.0\bin\x86;C:\Program Files (x86)\Intel\OpenCL SDK\2.0\bin\x64;C:\Program Files\Intel\Intel(R) Management Engine Components\DAL;C:\Program Files\Intel\Intel(R) Management Engine Components\IPT;C:\Program Files (x86)\Intel\Intel(R) Management Engine Components\DAL;C:\Program Files (x86)\Intel\Intel(R) Management Engine Components\IPT;C:\Program Files\Sony\VAIO Improvement;C:\Program Files (x86)\Symantec\VIP Access Client\;C:\Program Files (x86)\Sony\VAIO Startup Setting Tool;C:\Program Files (x86)\Windows Live\Shared;C:\Program Files\OpenVPN\bin;C:\altera\13.1\modelsim_ase\win32aloem
USERNAME=uriah
OS=Windows_NT
PROCESSOR_IDENTIFIER=Intel64 Family 6 Model 58 Stepping 9, GenuineIntel



---------------  S Y S T E M  ---------------

OS: Windows 7 , 64 bit Build 7601 Service Pack 1

CPU:total 4 (2 cores per cpu, 2 threads per core) family 6 model 58 stepping 9, cmov, cx8, fxsr, mmx, sse, sse2, sse3, ssse3, sse4.1, sse4.2, popcnt, ht

Memory: 4k page, physical 4094268k(1577252k free), swap 8186672k(3516828k free)

vm_info: Java HotSpot(TM) 64-Bit Server VM (21.1-b02) for windows-amd64 JRE (1.7.0_01-b08), built on Oct  3 2011 01:39:25 by "java_re" with unknown MS VC++:1600

time: Mon Apr 07 16:24:05 2014
elapsed time: 0 seconds

